<?xml version="1.0" encoding="UTF-8"?>
<!-- Generated by org.testng.reporters.JUnitXMLReporter -->
<testsuite hostname="HP-HP" ignored="0" name="BankingAppchrome Test" tests="7" failures="1" timestamp="05 Jun 2020 11:05:45 GMT" time="157.774" errors="0">
  <testcase name="loginTest" time="5.45" classname="com.iNetbanking.testcases.LoginTest">
    <failure type="java.lang.AssertionError" message="expected [true] but found [false]">
      <![CDATA[java.lang.AssertionError: expected [true] but found [false]
	at com.iNetbanking.testcases.LoginTest.loginTest(LoginTest.java:34)
... Removed 29 stack frames]]>
    </failure>
  </testcase> <!-- loginTest -->
  <testcase name="loginDDT" time="25.076" classname="com.iNetbanking.testcases.LoginTestDDT_TC002"/>
  <testcase name="loginDDT" time="7.102" classname="com.iNetbanking.testcases.LoginTestDDT_TC002"/>
  <testcase name="loginDDT" time="6.79" classname="com.iNetbanking.testcases.LoginTestDDT_TC002"/>
  <testcase name="loginDDT" time="8.322" classname="com.iNetbanking.testcases.LoginTestDDT_TC002"/>
  <testcase name="loginDDT" time="13.848" classname="com.iNetbanking.testcases.LoginTestDDT_TC002"/>
  <testcase name="addNewCustomer" time="28.246" classname="com.iNetbanking.testcases.AddCustomerTest_TC003"/>
</testsuite> <!-- BankingAppchrome Test -->
